yuyansdk/build/intermediates/manifest_merge_blame_file/offlineDebug/processOfflineDebugManifest/manifest-merger-blame-offline-debug-report.txt
1<?xml version="1.0" encoding="utf-8"?>
2<manifest xmlns:android="http://schemas.android.com/apk/res/android"
3    package="com.yuyan.imemodule" >
4
5    <uses-sdk android:minSdkVersion="23" />
6
7    <uses-permission android:name="android.permission.VIBRATE" />
7-->src/main/AndroidManifest.xml:3:5-66
7-->src/main/AndroidManifest.xml:3:22-63
8
9    <queries>
9-->src/main/AndroidManifest.xml:4:5-13:15
10        <intent>
10-->src/main/AndroidManifest.xml:5:9-9:18
11            <action android:name="android.intent.action.GET_CONTENT" />
11-->src/main/AndroidManifest.xml:6:13-71
11-->src/main/AndroidManifest.xml:6:21-69
12
13            <category android:name="android.intent.category.OPENABLE" />
13-->src/main/AndroidManifest.xml:7:13-72
13-->src/main/AndroidManifest.xml:7:23-70
14
15            <data android:mimeType="*/*" />
15-->src/main/AndroidManifest.xml:8:13-43
15-->src/main/AndroidManifest.xml:8:19-41
16        </intent>
17        <intent>
17-->src/main/AndroidManifest.xml:10:9-12:18
18            <action android:name="android.media.action.IMAGE_CAPTURE" />
18-->src/main/AndroidManifest.xml:11:13-72
18-->src/main/AndroidManifest.xml:11:21-70
19        </intent>
20    </queries>
21
22    <application android:supportsRtl="true" >
22-->src/main/AndroidManifest.xml:14:5-51:19
22-->src/main/AndroidManifest.xml:15:9-35
23        <activity
23-->src/main/AndroidManifest.xml:16:9-19:20
24            android:name="com.yuyan.imemodule.ui.activity.SettingsActivity"
24-->src/main/AndroidManifest.xml:17:13-57
25            android:exported="true" >
25-->src/main/AndroidManifest.xml:18:13-36
26        </activity>
27        <activity
27-->src/main/AndroidManifest.xml:20:9-28:20
28            android:name="com.yuyan.imemodule.ui.activity.LauncherActivity"
28-->src/main/AndroidManifest.xml:21:13-57
29            android:exported="true" >
29-->src/main/AndroidManifest.xml:22:13-36
30            <intent-filter>
30-->src/main/AndroidManifest.xml:23:13-27:29
31                <action android:name="android.intent.action.MAIN" />
31-->src/main/AndroidManifest.xml:24:17-69
31-->src/main/AndroidManifest.xml:24:25-66
32                <action android:name="android.intent.action.VIEW" />
32-->src/main/AndroidManifest.xml:25:17-69
32-->src/main/AndroidManifest.xml:25:25-66
33
34                <category android:name="android.intent.category.LAUNCHER" />
34-->src/main/AndroidManifest.xml:26:17-77
34-->src/main/AndroidManifest.xml:26:27-74
35            </intent-filter>
36        </activity>
37        <activity
37-->src/main/AndroidManifest.xml:30:9-32:47
38            android:name="com.yuyan.imemodule.ui.setup.SetupActivity"
38-->src/main/AndroidManifest.xml:30:19-57
39            android:exported="false"
39-->src/main/AndroidManifest.xml:31:13-37
40            android:launchMode="singleTask" />
40-->src/main/AndroidManifest.xml:32:13-44
41        <activity
41-->src/main/AndroidManifest.xml:33:9-37:50
42            android:name="com.yuyan.imemodule.ui.fragment.theme.CustomThemeActivity"
42-->src/main/AndroidManifest.xml:34:13-66
43            android:configChanges="orientation|screenSize"
43-->src/main/AndroidManifest.xml:35:13-59
44            android:exported="false"
44-->src/main/AndroidManifest.xml:36:13-37
45            android:label="@string/edit_theme" />
45-->src/main/AndroidManifest.xml:37:13-47
46        <activity
46-->src/main/AndroidManifest.xml:38:9-41:61
47            android:name="com.yuyan.imemodule.libs.cropper.CropImageActivity"
47-->src/main/AndroidManifest.xml:39:13-59
48            android:exported="false"
48-->src/main/AndroidManifest.xml:40:13-37
49            android:theme="@style/Theme.CropActivityTheme" />
49-->src/main/AndroidManifest.xml:41:13-59
50
51        <provider
51-->src/main/AndroidManifest.xml:42:9-50:20
52            android:name="com.yuyan.imemodule.libs.cropper.CropFileProvider"
52-->src/main/AndroidManifest.xml:43:13-58
53            android:authorities="${applicationId}.cropper.fileprovider"
53-->src/main/AndroidManifest.xml:44:13-72
54            android:exported="false"
54-->src/main/AndroidManifest.xml:45:13-37
55            android:grantUriPermissions="true" >
55-->src/main/AndroidManifest.xml:46:13-47
56            <meta-data
56-->src/main/AndroidManifest.xml:47:13-49:69
57                android:name="android.support.FILE_PROVIDER_PATHS"
57-->src/main/AndroidManifest.xml:48:17-67
58                android:resource="@xml/cropper_library_file_paths" />
58-->src/main/AndroidManifest.xml:49:17-67
59        </provider>
60    </application>
61
62</manifest>